


ARM Macro Assembler    Page 1 


    1 00000000         ;/******************************************************
                       ********************//**
    2 00000000         ; * @file     startup_ARMCM0plus.s
    3 00000000         ; * @brief    CMSIS Core Device Startup File for
    4 00000000         ; *           ARMCM0plus Device Series
    5 00000000         ; * @version  V1.01
    6 00000000         ; * @date     23. November 2012
    7 00000000         ; *
    8 00000000         ; * @note
    9 00000000         ; *
   10 00000000         ; ******************************************************
                       ************************/
   11 00000000         ;/* Copyright (c) 2012 ARM LIMITED
   12 00000000         ;
   13 00000000         ;   All rights reserved.
   14 00000000         ;   Redistribution and use in source and binary forms, w
                       ith or without
   15 00000000         ;   modification, are permitted provided that the follow
                       ing conditions are met:
   16 00000000         ;   - Redistributions of source code must retain the abo
                       ve copyright
   17 00000000         ;     notice, this list of conditions and the following 
                       disclaimer.
   18 00000000         ;   - Redistributions in binary form must reproduce the 
                       above copyright
   19 00000000         ;     notice, this list of conditions and the following 
                       disclaimer in the
   20 00000000         ;     documentation and/or other materials provided with
                        the distribution.
   21 00000000         ;   - Neither the name of ARM nor the names of its contr
                       ibutors may be used
   22 00000000         ;     to endorse or promote products derived from this s
                       oftware without
   23 00000000         ;     specific prior written permission.
   24 00000000         ;   *
   25 00000000         ;   THIS SOFTWARE IS PROVIDED BY THE COPYRIGHT HOLDERS A
                       ND CONTRIBUTORS "AS IS"
   26 00000000         ;   AND ANY EXPRESS OR IMPLIED WARRANTIES, INCLUDING, BU
                       T NOT LIMITED TO, THE
   27 00000000         ;   IMPLIED WARRANTIES OF MERCHANTABILITY AND FITNESS FO
                       R A PARTICULAR PURPOSE
   28 00000000         ;   ARE DISCLAIMED. IN NO EVENT SHALL COPYRIGHT HOLDERS 
                       AND CONTRIBUTORS BE
   29 00000000         ;   LIABLE FOR ANY DIRECT, INDIRECT, INCIDENTAL, SPECIAL
                       , EXEMPLARY, OR
   30 00000000         ;   CONSEQUENTIAL DAMAGES (INCLUDING, BUT NOT LIMITED TO
                       , PROCUREMENT OF
   31 00000000         ;   SUBSTITUTE GOODS OR SERVICES; LOSS OF USE, DATA, OR 
                       PROFITS; OR BUSINESS
   32 00000000         ;   INTERRUPTION) HOWEVER CAUSED AND ON ANY THEORY OF LI
                       ABILITY, WHETHER IN
   33 00000000         ;   CONTRACT, STRICT LIABILITY, OR TORT (INCLUDING NEGLI
                       GENCE OR OTHERWISE)
   34 00000000         ;   ARISING IN ANY WAY OUT OF THE USE OF THIS SOFTWARE, 
                       EVEN IF ADVISED OF THE
   35 00000000         ;   POSSIBILITY OF SUCH DAMAGE.
   36 00000000         ;   ----------------------------------------------------
                       -----------------------*/
   37 00000000         ;/*



ARM Macro Assembler    Page 2 


   38 00000000         ;//-------- <<< Use Configuration Wizard in Context Menu
                        >>> ------------------
   39 00000000         ;*/
   40 00000000         
   41 00000000         
   42 00000000         ; <h> Stack Configuration
   43 00000000         ;   <o> Stack Size (in Bytes) <0x0-0xFFFFFFFF:8>
   44 00000000         ; </h>
   45 00000000         
   46 00000000 00000400 
                       Stack_Size
                               EQU              0x00000400  ;;Stack_Size      E
                                                            QU     0x00000400
   47 00000000         
   48 00000000                 AREA             STACK, NOINIT, READWRITE, ALIGN
=3
   49 00000000         Stack_Mem
                               SPACE            Stack_Size
   50 00000400         __initial_sp
   51 00000400         
   52 00000400         
   53 00000400         ; <h> Heap Configuration
   54 00000400         ;   <o>  Heap Size (in Bytes) <0x0-0xFFFFFFFF:8>
   55 00000400         ; </h>
   56 00000400         
   57 00000400 00000000 
                       Heap_Size
                               EQU              0x00000000  ;;Heap_Size       E
                                                            QU     0x00000C00
   58 00000400         
   59 00000400                 AREA             HEAP, NOINIT, READWRITE, ALIGN=
3
   60 00000000         __heap_base
   61 00000000         Heap_Mem
                               SPACE            Heap_Size
   62 00000000         __heap_limit
   63 00000000         
   64 00000000         
   65 00000000                 PRESERVE8
   66 00000000                 THUMB
   67 00000000         
   68 00000000         
   69 00000000         ; Vector Table Mapped to Address 0 at Reset
   70 00000000         
   71 00000000                 AREA             RESET, DATA, READONLY
   72 00000000                 EXPORT           __Vectors
   73 00000000                 EXPORT           __Vectors_End
   74 00000000                 EXPORT           __Vectors_Size
   75 00000000         
   76 00000000 00000000 
                       __Vectors
                               DCD              __initial_sp ; Top of Stack
   77 00000004 00000000        DCD              Reset_Handler ; Reset Handler
   78 00000008 00000000        DCD              NMI_Handler ; NMI Handler
   79 0000000C 00000000        DCD              HardFault_Handler ; Hard Fault 
                                                            Handler
   80 00000010 00000000        DCD              0           ; Reserved
   81 00000014 00000000        DCD              0           ; Reserved
   82 00000018 00000000        DCD              0           ; Reserved



ARM Macro Assembler    Page 3 


   83 0000001C 00000000        DCD              0           ; Reserved
   84 00000020 00000000        DCD              0           ; Reserved
   85 00000024 00000000        DCD              0           ; Reserved
   86 00000028 00000000        DCD              0           ; Reserved
   87 0000002C 00000000        DCD              SVC_Handler ; SVCall Handler
   88 00000030 00000000        DCD              0           ; Reserved
   89 00000034 00000000        DCD              0           ; Reserved
   90 00000038 00000000        DCD              PendSV_Handler ; PendSV Handler
                                                            
   91 0000003C 00000000        DCD              SysTick_Handler 
                                                            ; SysTick Handler
   92 00000040         
   93 00000040         __Vectors_End
   94 00000040         
   95 00000040 00000040 
                       __Vectors_Size
                               EQU              __Vectors_End - __Vectors
   96 00000040         
   97 00000040                 AREA             |.text|, CODE, READONLY
   98 00000000         
   99 00000000         
  100 00000000         ; Reset Handler
  101 00000000         
  102 00000000         Reset_Handler
                               PROC
  103 00000000                 EXPORT           Reset_Handler             [WEAK
]
  104 00000000                 IMPORT           SystemInit
  105 00000000                 IMPORT           __main
  106 00000000 4807            LDR              R0, =SystemInit
  107 00000002 4780            BLX              R0
  108 00000004 4807            LDR              R0, =__main
  109 00000006 4700            BX               R0
  110 00000008                 ENDP
  111 00000008         
  112 00000008         
  113 00000008         ; Dummy Exception Handlers (infinite loops which can be 
                       modified)
  114 00000008         
  115 00000008         NMI_Handler
                               PROC
  116 00000008                 EXPORT           NMI_Handler               [WEAK
]
  117 00000008 E7FE            B                .
  118 0000000A                 ENDP
  120 0000000A         HardFault_Handler
                               PROC
  121 0000000A                 EXPORT           HardFault_Handler         [WEAK
]
  122 0000000A E7FE            B                .
  123 0000000C                 ENDP
  124 0000000C         SVC_Handler
                               PROC
  125 0000000C                 EXPORT           SVC_Handler               [WEAK
]
  126 0000000C E7FE            B                .
  127 0000000E                 ENDP
  128 0000000E         PendSV_Handler
                               PROC



ARM Macro Assembler    Page 4 


  129 0000000E                 EXPORT           PendSV_Handler            [WEAK
]
  130 0000000E E7FE            B                .
  131 00000010                 ENDP
  132 00000010         SysTick_Handler
                               PROC
  133 00000010                 EXPORT           SysTick_Handler           [WEAK
]
  134 00000010 E7FE            B                .
  135 00000012                 ENDP
  136 00000012         
  137 00000012         Default_Handler
                               PROC
  138 00000012         
  139 00000012                 EXPORT           DMAC_IRQHandler             [WE
AK]
  140 00000012                 EXPORT           P0_IRQHandler               [WE
AK]
  141 00000012                 EXPORT           TIMER1_IRQHandler           [WE
AK]
  142 00000012                 EXPORT           UART1_IRQHandler           [WEA
K]
  143 00000012                 EXPORT           SPI1_IRQHandler             [WE
AK]
  144 00000012                 EXPORT           I2C1_IRQHandler             [WE
AK]
  145 00000012                 EXPORT           RAM_IRQHandler              [WE
AK]
  146 00000012                 EXPORT           ADC_IRQHandler              [WE
AK]
  147 00000012                 EXPORT           VC_IRQHandler               [WE
AK]
  148 00000012                 EXPORT           LVD_IRQHandler              [WE
AK]
  149 00000012                 EXPORT           RTC_IRQHandler              [WE
AK]
  150 00000012                 EXPORT           BASETIMER_IRQHandler        [WE
AK]
  151 00000012                 EXPORT           P1P2_IRQHandler             [WE
AK]
  152 00000012                 EXPORT           P3P4_IRQHandler             [WE
AK]
  153 00000012                 EXPORT           P5P6_IRQHandler             [WE
AK]
  154 00000012                 EXPORT           TIMER2_IRQHandler           [WE
AK]
  155 00000012                 EXPORT           TIMER3_IRQHandler           [WE
AK]
  156 00000012                 EXPORT           TIMER4_IRQHandler           [WE
AK]
  157 00000012                 EXPORT           UART2_IRQHandler            [WE
AK]
  158 00000012                 EXPORT           UART3_IRQHandler            [WE
AK]
  159 00000012                 EXPORT           UART4_IRQHandler            [WE
AK]
  160 00000012                 EXPORT           UART5_IRQHandler            [WE
AK]
  161 00000012                 EXPORT           UART6_IRQHandler            [WE



ARM Macro Assembler    Page 5 


AK]
  162 00000012                 EXPORT           SPI2_IRQHandler             [WE
AK]
  163 00000012                 EXPORT           SPI3_IRQHandler             [WE
AK]
  164 00000012                 EXPORT           SPI4_IRQHandler             [WE
AK]
  165 00000012                 EXPORT           I2C2_IRQHandler             [WE
AK]
  166 00000012                 EXPORT           PCA12_IRQHandler            [WE
AK]
  167 00000012                 EXPORT           PCA34_IRQHandler            [WE
AK]
  168 00000012                 EXPORT           WDT_IRQHandler              [WE
AK]
  169 00000012                 EXPORT           LCD_IRQHandler              [WE
AK]
  170 00000012                 EXPORT           SCI7816_IRQHandler          [WE
AK]
  171 00000012         
  172 00000012         
  173 00000012         
  174 00000012         DMAC_IRQHandler
  175 00000012         P0_IRQHandler
  176 00000012         TIMER1_IRQHandler
  177 00000012         UART1_IRQHandler
  178 00000012         SPI1_IRQHandler
  179 00000012         I2C1_IRQHandler
  180 00000012         RAM_IRQHandler
  181 00000012         ADC_IRQHandler
  182 00000012         VC_IRQHandler
  183 00000012         LVD_IRQHandler
  184 00000012         RTC_IRQHandler
  185 00000012         BASETIMER_IRQHandler
  186 00000012         P1P2_IRQHandler
  187 00000012         P3P4_IRQHandler
  188 00000012         P5P6_IRQHandler
  189 00000012         TIMER2_IRQHandler
  190 00000012         TIMER3_IRQHandler
  191 00000012         TIMER4_IRQHandler
  192 00000012         UART2_IRQHandler
  193 00000012         UART3_IRQHandler
  194 00000012         UART4_IRQHandler
  195 00000012         UART5_IRQHandler
  196 00000012         UART6_IRQHandler
  197 00000012         SPI2_IRQHandler
  198 00000012         SPI3_IRQHandler
  199 00000012         SPI4_IRQHandler
  200 00000012         I2C2_IRQHandler
  201 00000012         PCA12_IRQHandler
  202 00000012         PCA34_IRQHandler
  203 00000012         WDT_IRQHandler
  204 00000012         LCD_IRQHandler
  205 00000012         SCI7816_IRQHandler
  206 00000012 E7FE            B                .
  207 00000014         
  208 00000014                 ENDP
  209 00000014         
  210 00000014         



ARM Macro Assembler    Page 6 


  211 00000014                 ALIGN
  212 00000014         
  213 00000014         
  214 00000014         ; User Initial Stack & Heap
  215 00000014         
  216 00000014                 IF               :DEF:__MICROLIB
  223 00000014         
  224 00000014                 IMPORT           __use_two_region_memory
  225 00000014                 EXPORT           __user_initial_stackheap
  226 00000014         
  227 00000014         __user_initial_stackheap
                               PROC
  228 00000014 4804            LDR              R0, =  Heap_Mem
  229 00000016 4905            LDR              R1, =(Stack_Mem + Stack_Size)
  230 00000018 4A03            LDR              R2, = (Heap_Mem +  Heap_Size)
  231 0000001A 4B05            LDR              R3, = Stack_Mem
  232 0000001C 4770            BX               LR
  233 0000001E                 ENDP
  234 0000001E         
  235 0000001E 00 00           ALIGN
  236 00000020         
  237 00000020                 ENDIF
  238 00000020         
  239 00000020         
  240 00000020                 END
              00000000 
              00000000 
              00000000 
              00000400 
              00000000 
Command Line: --debug --xref --cpu=Cortex-M0+ --apcs=interwork --depend=.\start
up_si6600.d -o.\startup_si6600.o -IC:\Users\Canhua.Yang\Desktop\project\SI6600_
Demo_rls\RTE -IC:\Keil_v5\ARM\PACK\ARM\CMSIS\4.3.0 -IC:\Keil_v5\ARM\PACK\ARM\CM
SIS\4.3.0\CMSIS\Include --predefine="_RTE_ SETA 1" --predefine="ARMCM0P SETA 1"
 --list=.\listings\startup_si6600.lst DEVICE\startup_SI6600.s



ARM Macro Assembler    Page 1 Alphabetic symbol ordering
Relocatable symbols

STACK 00000000

Symbol: STACK
   Definitions
      At line 48 in file DEVICE\startup_SI6600.s
   Uses
      None
Comment: STACK unused
Stack_Mem 00000000

Symbol: Stack_Mem
   Definitions
      At line 49 in file DEVICE\startup_SI6600.s
   Uses
      At line 229 in file DEVICE\startup_SI6600.s
      At line 231 in file DEVICE\startup_SI6600.s

__initial_sp 00000400

Symbol: __initial_sp
   Definitions
      At line 50 in file DEVICE\startup_SI6600.s
   Uses
      At line 76 in file DEVICE\startup_SI6600.s
Comment: __initial_sp used once
3 symbols



ARM Macro Assembler    Page 1 Alphabetic symbol ordering
Relocatable symbols

HEAP 00000000

Symbol: HEAP
   Definitions
      At line 59 in file DEVICE\startup_SI6600.s
   Uses
      None
Comment: HEAP unused
Heap_Mem 00000000

Symbol: Heap_Mem
   Definitions
      At line 61 in file DEVICE\startup_SI6600.s
   Uses
      At line 228 in file DEVICE\startup_SI6600.s
      At line 230 in file DEVICE\startup_SI6600.s

__heap_base 00000000

Symbol: __heap_base
   Definitions
      At line 60 in file DEVICE\startup_SI6600.s
   Uses
      None
Comment: __heap_base unused
__heap_limit 00000000

Symbol: __heap_limit
   Definitions
      At line 62 in file DEVICE\startup_SI6600.s
   Uses
      None
Comment: __heap_limit unused
4 symbols



ARM Macro Assembler    Page 1 Alphabetic symbol ordering
Relocatable symbols

RESET 00000000

Symbol: RESET
   Definitions
      At line 71 in file DEVICE\startup_SI6600.s
   Uses
      None
Comment: RESET unused
__Vectors 00000000

Symbol: __Vectors
   Definitions
      At line 76 in file DEVICE\startup_SI6600.s
   Uses
      At line 72 in file DEVICE\startup_SI6600.s
      At line 95 in file DEVICE\startup_SI6600.s

__Vectors_End 00000040

Symbol: __Vectors_End
   Definitions
      At line 93 in file DEVICE\startup_SI6600.s
   Uses
      At line 73 in file DEVICE\startup_SI6600.s
      At line 95 in file DEVICE\startup_SI6600.s

3 symbols



ARM Macro Assembler    Page 1 Alphabetic symbol ordering
Relocatable symbols

.text 00000000

Symbol: .text
   Definitions
      At line 97 in file DEVICE\startup_SI6600.s
   Uses
      None
Comment: .text unused
ADC_IRQHandler 00000012

Symbol: ADC_IRQHandler
   Definitions
      At line 181 in file DEVICE\startup_SI6600.s
   Uses
      At line 146 in file DEVICE\startup_SI6600.s
Comment: ADC_IRQHandler used once
BASETIMER_IRQHandler 00000012

Symbol: BASETIMER_IRQHandler
   Definitions
      At line 185 in file DEVICE\startup_SI6600.s
   Uses
      At line 150 in file DEVICE\startup_SI6600.s
Comment: BASETIMER_IRQHandler used once
DMAC_IRQHandler 00000012

Symbol: DMAC_IRQHandler
   Definitions
      At line 174 in file DEVICE\startup_SI6600.s
   Uses
      At line 139 in file DEVICE\startup_SI6600.s
Comment: DMAC_IRQHandler used once
Default_Handler 00000012

Symbol: Default_Handler
   Definitions
      At line 137 in file DEVICE\startup_SI6600.s
   Uses
      None
Comment: Default_Handler unused
HardFault_Handler 0000000A

Symbol: HardFault_Handler
   Definitions
      At line 120 in file DEVICE\startup_SI6600.s
   Uses
      At line 79 in file DEVICE\startup_SI6600.s
      At line 121 in file DEVICE\startup_SI6600.s

I2C1_IRQHandler 00000012

Symbol: I2C1_IRQHandler
   Definitions
      At line 179 in file DEVICE\startup_SI6600.s
   Uses
      At line 144 in file DEVICE\startup_SI6600.s
Comment: I2C1_IRQHandler used once
I2C2_IRQHandler 00000012




ARM Macro Assembler    Page 2 Alphabetic symbol ordering
Relocatable symbols

Symbol: I2C2_IRQHandler
   Definitions
      At line 200 in file DEVICE\startup_SI6600.s
   Uses
      At line 165 in file DEVICE\startup_SI6600.s
Comment: I2C2_IRQHandler used once
LCD_IRQHandler 00000012

Symbol: LCD_IRQHandler
   Definitions
      At line 204 in file DEVICE\startup_SI6600.s
   Uses
      At line 169 in file DEVICE\startup_SI6600.s
Comment: LCD_IRQHandler used once
LVD_IRQHandler 00000012

Symbol: LVD_IRQHandler
   Definitions
      At line 183 in file DEVICE\startup_SI6600.s
   Uses
      At line 148 in file DEVICE\startup_SI6600.s
Comment: LVD_IRQHandler used once
NMI_Handler 00000008

Symbol: NMI_Handler
   Definitions
      At line 115 in file DEVICE\startup_SI6600.s
   Uses
      At line 78 in file DEVICE\startup_SI6600.s
      At line 116 in file DEVICE\startup_SI6600.s

P0_IRQHandler 00000012

Symbol: P0_IRQHandler
   Definitions
      At line 175 in file DEVICE\startup_SI6600.s
   Uses
      At line 140 in file DEVICE\startup_SI6600.s
Comment: P0_IRQHandler used once
P1P2_IRQHandler 00000012

Symbol: P1P2_IRQHandler
   Definitions
      At line 186 in file DEVICE\startup_SI6600.s
   Uses
      At line 151 in file DEVICE\startup_SI6600.s
Comment: P1P2_IRQHandler used once
P3P4_IRQHandler 00000012

Symbol: P3P4_IRQHandler
   Definitions
      At line 187 in file DEVICE\startup_SI6600.s
   Uses
      At line 152 in file DEVICE\startup_SI6600.s
Comment: P3P4_IRQHandler used once
P5P6_IRQHandler 00000012

Symbol: P5P6_IRQHandler
   Definitions



ARM Macro Assembler    Page 3 Alphabetic symbol ordering
Relocatable symbols

      At line 188 in file DEVICE\startup_SI6600.s
   Uses
      At line 153 in file DEVICE\startup_SI6600.s
Comment: P5P6_IRQHandler used once
PCA12_IRQHandler 00000012

Symbol: PCA12_IRQHandler
   Definitions
      At line 201 in file DEVICE\startup_SI6600.s
   Uses
      At line 166 in file DEVICE\startup_SI6600.s
Comment: PCA12_IRQHandler used once
PCA34_IRQHandler 00000012

Symbol: PCA34_IRQHandler
   Definitions
      At line 202 in file DEVICE\startup_SI6600.s
   Uses
      At line 167 in file DEVICE\startup_SI6600.s
Comment: PCA34_IRQHandler used once
PendSV_Handler 0000000E

Symbol: PendSV_Handler
   Definitions
      At line 128 in file DEVICE\startup_SI6600.s
   Uses
      At line 90 in file DEVICE\startup_SI6600.s
      At line 129 in file DEVICE\startup_SI6600.s

RAM_IRQHandler 00000012

Symbol: RAM_IRQHandler
   Definitions
      At line 180 in file DEVICE\startup_SI6600.s
   Uses
      At line 145 in file DEVICE\startup_SI6600.s
Comment: RAM_IRQHandler used once
RTC_IRQHandler 00000012

Symbol: RTC_IRQHandler
   Definitions
      At line 184 in file DEVICE\startup_SI6600.s
   Uses
      At line 149 in file DEVICE\startup_SI6600.s
Comment: RTC_IRQHandler used once
Reset_Handler 00000000

Symbol: Reset_Handler
   Definitions
      At line 102 in file DEVICE\startup_SI6600.s
   Uses
      At line 77 in file DEVICE\startup_SI6600.s
      At line 103 in file DEVICE\startup_SI6600.s

SCI7816_IRQHandler 00000012

Symbol: SCI7816_IRQHandler
   Definitions
      At line 205 in file DEVICE\startup_SI6600.s



ARM Macro Assembler    Page 4 Alphabetic symbol ordering
Relocatable symbols

   Uses
      At line 170 in file DEVICE\startup_SI6600.s
Comment: SCI7816_IRQHandler used once
SPI1_IRQHandler 00000012

Symbol: SPI1_IRQHandler
   Definitions
      At line 178 in file DEVICE\startup_SI6600.s
   Uses
      At line 143 in file DEVICE\startup_SI6600.s
Comment: SPI1_IRQHandler used once
SPI2_IRQHandler 00000012

Symbol: SPI2_IRQHandler
   Definitions
      At line 197 in file DEVICE\startup_SI6600.s
   Uses
      At line 162 in file DEVICE\startup_SI6600.s
Comment: SPI2_IRQHandler used once
SPI3_IRQHandler 00000012

Symbol: SPI3_IRQHandler
   Definitions
      At line 198 in file DEVICE\startup_SI6600.s
   Uses
      At line 163 in file DEVICE\startup_SI6600.s
Comment: SPI3_IRQHandler used once
SPI4_IRQHandler 00000012

Symbol: SPI4_IRQHandler
   Definitions
      At line 199 in file DEVICE\startup_SI6600.s
   Uses
      At line 164 in file DEVICE\startup_SI6600.s
Comment: SPI4_IRQHandler used once
SVC_Handler 0000000C

Symbol: SVC_Handler
   Definitions
      At line 124 in file DEVICE\startup_SI6600.s
   Uses
      At line 87 in file DEVICE\startup_SI6600.s
      At line 125 in file DEVICE\startup_SI6600.s

SysTick_Handler 00000010

Symbol: SysTick_Handler
   Definitions
      At line 132 in file DEVICE\startup_SI6600.s
   Uses
      At line 91 in file DEVICE\startup_SI6600.s
      At line 133 in file DEVICE\startup_SI6600.s

TIMER1_IRQHandler 00000012

Symbol: TIMER1_IRQHandler
   Definitions
      At line 176 in file DEVICE\startup_SI6600.s
   Uses



ARM Macro Assembler    Page 5 Alphabetic symbol ordering
Relocatable symbols

      At line 141 in file DEVICE\startup_SI6600.s
Comment: TIMER1_IRQHandler used once
TIMER2_IRQHandler 00000012

Symbol: TIMER2_IRQHandler
   Definitions
      At line 189 in file DEVICE\startup_SI6600.s
   Uses
      At line 154 in file DEVICE\startup_SI6600.s
Comment: TIMER2_IRQHandler used once
TIMER3_IRQHandler 00000012

Symbol: TIMER3_IRQHandler
   Definitions
      At line 190 in file DEVICE\startup_SI6600.s
   Uses
      At line 155 in file DEVICE\startup_SI6600.s
Comment: TIMER3_IRQHandler used once
TIMER4_IRQHandler 00000012

Symbol: TIMER4_IRQHandler
   Definitions
      At line 191 in file DEVICE\startup_SI6600.s
   Uses
      At line 156 in file DEVICE\startup_SI6600.s
Comment: TIMER4_IRQHandler used once
UART1_IRQHandler 00000012

Symbol: UART1_IRQHandler
   Definitions
      At line 177 in file DEVICE\startup_SI6600.s
   Uses
      At line 142 in file DEVICE\startup_SI6600.s
Comment: UART1_IRQHandler used once
UART2_IRQHandler 00000012

Symbol: UART2_IRQHandler
   Definitions
      At line 192 in file DEVICE\startup_SI6600.s
   Uses
      At line 157 in file DEVICE\startup_SI6600.s
Comment: UART2_IRQHandler used once
UART3_IRQHandler 00000012

Symbol: UART3_IRQHandler
   Definitions
      At line 193 in file DEVICE\startup_SI6600.s
   Uses
      At line 158 in file DEVICE\startup_SI6600.s
Comment: UART3_IRQHandler used once
UART4_IRQHandler 00000012

Symbol: UART4_IRQHandler
   Definitions
      At line 194 in file DEVICE\startup_SI6600.s
   Uses
      At line 159 in file DEVICE\startup_SI6600.s
Comment: UART4_IRQHandler used once
UART5_IRQHandler 00000012



ARM Macro Assembler    Page 6 Alphabetic symbol ordering
Relocatable symbols


Symbol: UART5_IRQHandler
   Definitions
      At line 195 in file DEVICE\startup_SI6600.s
   Uses
      At line 160 in file DEVICE\startup_SI6600.s
Comment: UART5_IRQHandler used once
UART6_IRQHandler 00000012

Symbol: UART6_IRQHandler
   Definitions
      At line 196 in file DEVICE\startup_SI6600.s
   Uses
      At line 161 in file DEVICE\startup_SI6600.s
Comment: UART6_IRQHandler used once
VC_IRQHandler 00000012

Symbol: VC_IRQHandler
   Definitions
      At line 182 in file DEVICE\startup_SI6600.s
   Uses
      At line 147 in file DEVICE\startup_SI6600.s
Comment: VC_IRQHandler used once
WDT_IRQHandler 00000012

Symbol: WDT_IRQHandler
   Definitions
      At line 203 in file DEVICE\startup_SI6600.s
   Uses
      At line 168 in file DEVICE\startup_SI6600.s
Comment: WDT_IRQHandler used once
__user_initial_stackheap 00000014

Symbol: __user_initial_stackheap
   Definitions
      At line 227 in file DEVICE\startup_SI6600.s
   Uses
      At line 225 in file DEVICE\startup_SI6600.s
Comment: __user_initial_stackheap used once
41 symbols



ARM Macro Assembler    Page 1 Alphabetic symbol ordering
Absolute symbols

Heap_Size 00000000

Symbol: Heap_Size
   Definitions
      At line 57 in file DEVICE\startup_SI6600.s
   Uses
      At line 61 in file DEVICE\startup_SI6600.s
      At line 230 in file DEVICE\startup_SI6600.s

Stack_Size 00000400

Symbol: Stack_Size
   Definitions
      At line 46 in file DEVICE\startup_SI6600.s
   Uses
      At line 49 in file DEVICE\startup_SI6600.s
      At line 229 in file DEVICE\startup_SI6600.s

__Vectors_Size 00000040

Symbol: __Vectors_Size
   Definitions
      At line 95 in file DEVICE\startup_SI6600.s
   Uses
      At line 74 in file DEVICE\startup_SI6600.s
Comment: __Vectors_Size used once
3 symbols



ARM Macro Assembler    Page 1 Alphabetic symbol ordering
External symbols

SystemInit 00000000

Symbol: SystemInit
   Definitions
      At line 104 in file DEVICE\startup_SI6600.s
   Uses
      At line 106 in file DEVICE\startup_SI6600.s
Comment: SystemInit used once
__main 00000000

Symbol: __main
   Definitions
      At line 105 in file DEVICE\startup_SI6600.s
   Uses
      At line 108 in file DEVICE\startup_SI6600.s
Comment: __main used once
__use_two_region_memory 00000000

Symbol: __use_two_region_memory
   Definitions
      At line 224 in file DEVICE\startup_SI6600.s
   Uses
      None
Comment: __use_two_region_memory unused
3 symbols
393 symbols in table
