


ARM Macro Assembler    Page 1 


    1 00000000         ;/******************************************************
                       ********************//**
    2 00000000         ; * @file     startup_ARMCM0plus.s
    3 00000000         ; * @brief    CMSIS Core Device Startup File for
    4 00000000         ; *           ARMCM0plus Device Series
    5 00000000         ; * @version  V1.01
    6 00000000         ; * @date     23. November 2012
    7 00000000         ; *
    8 00000000         ; * @note
    9 00000000         ; *
   10 00000000         ; ******************************************************
                       ************************/
   11 00000000         ;/* Copyright (c) 2012 ARM LIMITED
   12 00000000         ;
   13 00000000         ;   All rights reserved.
   14 00000000         ;   Redistribution and use in source and binary forms, w
                       ith or without
   15 00000000         ;   modification, are permitted provided that the follow
                       ing conditions are met:
   16 00000000         ;   - Redistributions of source code must retain the abo
                       ve copyright
   17 00000000         ;     notice, this list of conditions and the following 
                       disclaimer.
   18 00000000         ;   - Redistributions in binary form must reproduce the 
                       above copyright
   19 00000000         ;     notice, this list of conditions and the following 
                       disclaimer in the
   20 00000000         ;     documentation and/or other materials provided with
                        the distribution.
   21 00000000         ;   - Neither the name of ARM nor the names of its contr
                       ibutors may be used
   22 00000000         ;     to endorse or promote products derived from this s
                       oftware without
   23 00000000         ;     specific prior written permission.
   24 00000000         ;   *
   25 00000000         ;   THIS SOFTWARE IS PROVIDED BY THE COPYRIGHT HOLDERS A
                       ND CONTRIBUTORS "AS IS"
   26 00000000         ;   AND ANY EXPRESS OR IMPLIED WARRANTIES, INCLUDING, BU
                       T NOT LIMITED TO, THE
   27 00000000         ;   IMPLIED WARRANTIES OF MERCHANTABILITY AND FITNESS FO
                       R A PARTICULAR PURPOSE
   28 00000000         ;   ARE DISCLAIMED. IN NO EVENT SHALL COPYRIGHT HOLDERS 
                       AND CONTRIBUTORS BE
   29 00000000         ;   LIABLE FOR ANY DIRECT, INDIRECT, INCIDENTAL, SPECIAL
                       , EXEMPLARY, OR
   30 00000000         ;   CONSEQUENTIAL DAMAGES (INCLUDING, BUT NOT LIMITED TO
                       , PROCUREMENT OF
   31 00000000         ;   SUBSTITUTE GOODS OR SERVICES; LOSS OF USE, DATA, OR 
                       PROFITS; OR BUSINESS
   32 00000000         ;   INTERRUPTION) HOWEVER CAUSED AND ON ANY THEORY OF LI
                       ABILITY, WHETHER IN
   33 00000000         ;   CONTRACT, STRICT LIABILITY, OR TORT (INCLUDING NEGLI
                       GENCE OR OTHERWISE)
   34 00000000         ;   ARISING IN ANY WAY OUT OF THE USE OF THIS SOFTWARE, 
                       EVEN IF ADVISED OF THE
   35 00000000         ;   POSSIBILITY OF SUCH DAMAGE.
   36 00000000         ;   ----------------------------------------------------
                       -----------------------*/
   37 00000000         ;/*



ARM Macro Assembler    Page 2 


   38 00000000         ;//-------- <<< Use Configuration Wizard in Context Menu
                        >>> ------------------
   39 00000000         ;*/
   40 00000000         
   41 00000000         
   42 00000000         ; <h> Stack Configuration
   43 00000000         ;   <o> Stack Size (in Bytes) <0x0-0xFFFFFFFF:8>
   44 00000000         ; </h>
   45 00000000         
   46 00000000 00000800 
                       Stack_Size
                               EQU              0x00000800  ;;Stack_Size      E
                                                            QU     0x00000400
   47 00000000         
   48 00000000                 AREA             STACK, NOINIT, READWRITE, ALIGN
=3
   49 00000000         Stack_Mem
                               SPACE            Stack_Size
   50 00000800         __initial_sp
   51 00000800         
   52 00000800         
   53 00000800         ; <h> Heap Configuration
   54 00000800         ;   <o>  Heap Size (in Bytes) <0x0-0xFFFFFFFF:8>
   55 00000800         ; </h>
   56 00000800         
   57 00000800 00001800 
                       Heap_Size
                               EQU              0x00001800  ;;Heap_Size       E
                                                            QU     0x00000C00
   58 00000800         
   59 00000800                 AREA             HEAP, NOINIT, READWRITE, ALIGN=
3
   60 00000000         __heap_base
   61 00000000         Heap_Mem
                               SPACE            Heap_Size
   62 00001800         __heap_limit
   63 00001800         
   64 00001800         
   65 00001800                 PRESERVE8
   66 00001800                 THUMB
   67 00001800         
   68 00001800         
   69 00001800         ; Vector Table Mapped to Address 0 at Reset
   70 00001800         
   71 00001800                 AREA             RESET, DATA, READONLY
   72 00000000                 EXPORT           __Vectors
   73 00000000                 EXPORT           __Vectors_End
   74 00000000                 EXPORT           __Vectors_Size
   75 00000000         
   76 00000000 00000000 
                       __Vectors
                               DCD              __initial_sp ; Top of Stack
   77 00000004 00000000        DCD              Reset_Handler ; Reset Handler
   78 00000008 00000000        DCD              NMI_Handler ; NMI Handler
   79 0000000C 00000000        DCD              HardFault_Handler ; Hard Fault 
                                                            Handler
   80 00000010 00000000        DCD              0           ; Reserved
   81 00000014 00000000        DCD              0           ; Reserved
   82 00000018 00000000        DCD              0           ; Reserved



ARM Macro Assembler    Page 3 


   83 0000001C 00000000        DCD              0           ; Reserved
   84 00000020 00000000        DCD              0           ; Reserved
   85 00000024 00000000        DCD              0           ; Reserved
   86 00000028 00000000        DCD              0           ; Reserved
   87 0000002C 00000000        DCD              SVC_Handler ; SVCall Handler
   88 00000030 00000000        DCD              0           ; Reserved
   89 00000034 00000000        DCD              0           ; Reserved
   90 00000038 00000000        DCD              PendSV_Handler ; PendSV Handler
                                                            
   91 0000003C 00000000        DCD              SysTick_Handler 
                                                            ; SysTick Handler
   92 00000040         
   93 00000040         ; External Interrupts
   94 00000040 00000000        DCD              DMAC_IRQHandler
   95 00000044 00000000        DCD              P0_IRQHandler
   96 00000048 00000000        DCD              TIMER1_IRQHandler
   97 0000004C 00000000        DCD              UART1_IRQHandler
   98 00000050 00000000        DCD              SPI1_IRQHandler
   99 00000054 00000000        DCD              I2C1_IRQHandler
  100 00000058 00000000        DCD              RAM_IRQHandler
  101 0000005C 00000000        DCD              ADC_IRQHandler
  102 00000060 00000000        DCD              VC_IRQHandler
  103 00000064 00000000        DCD              LVD_IRQHandler
  104 00000068 00000000        DCD              RTC_IRQHandler
  105 0000006C 00000000        DCD              BASETIMER_IRQHandler
  106 00000070 00000000        DCD              P1P2_IRQHandler
  107 00000074 00000000        DCD              P3P4_IRQHandler
  108 00000078 00000000        DCD              P5P6_IRQHandler
  109 0000007C 00000000        DCD              TIMER2_IRQHandler
  110 00000080 00000000        DCD              TIMER3_IRQHandler
  111 00000084 00000000        DCD              TIMER4_IRQHandler
  112 00000088 00000000        DCD              UART2_IRQHandler
  113 0000008C 00000000        DCD              UART3_IRQHandler
  114 00000090 00000000        DCD              UART4_IRQHandler
  115 00000094 00000000        DCD              UART5_IRQHandler
  116 00000098 00000000        DCD              UART6_IRQHandler
  117 0000009C 00000000        DCD              SPI2_IRQHandler
  118 000000A0 00000000        DCD              SPI3_IRQHandler
  119 000000A4 00000000        DCD              SPI4_IRQHandler
  120 000000A8 00000000        DCD              I2C2_IRQHandler
  121 000000AC 00000000        DCD              PCA12_IRQHandler
  122 000000B0 00000000        DCD              PCA34_IRQHandler
  123 000000B4 00000000        DCD              WDT_IRQHandler
  124 000000B8 00000000        DCD              LCD_IRQHandler
  125 000000BC 00000000        DCD              SCI7816_IRQHandler
  126 000000C0         __Vectors_End
  127 000000C0         
  128 000000C0 000000C0 
                       __Vectors_Size
                               EQU              __Vectors_End - __Vectors
  129 000000C0         
  130 000000C0                 AREA             |.text|, CODE, READONLY
  131 00000000         
  132 00000000         
  133 00000000         ; Reset Handler
  134 00000000         
  135 00000000         Reset_Handler
                               PROC
  136 00000000                 EXPORT           Reset_Handler             [WEAK



ARM Macro Assembler    Page 4 


]
  137 00000000                 IMPORT           SystemInit
  138 00000000                 IMPORT           __main
  139 00000000 4807            LDR              R0, =SystemInit
  140 00000002 4780            BLX              R0
  141 00000004 4807            LDR              R0, =__main
  142 00000006 4700            BX               R0
  143 00000008                 ENDP
  144 00000008         
  145 00000008         
  146 00000008         ; Dummy Exception Handlers (infinite loops which can be 
                       modified)
  147 00000008         
  148 00000008         NMI_Handler
                               PROC
  149 00000008                 EXPORT           NMI_Handler               [WEAK
]
  150 00000008 E7FE            B                .
  151 0000000A                 ENDP
  153 0000000A         HardFault_Handler
                               PROC
  154 0000000A                 EXPORT           HardFault_Handler         [WEAK
]
  155 0000000A E7FE            B                .
  156 0000000C                 ENDP
  157 0000000C         SVC_Handler
                               PROC
  158 0000000C                 EXPORT           SVC_Handler               [WEAK
]
  159 0000000C E7FE            B                .
  160 0000000E                 ENDP
  161 0000000E         PendSV_Handler
                               PROC
  162 0000000E                 EXPORT           PendSV_Handler            [WEAK
]
  163 0000000E E7FE            B                .
  164 00000010                 ENDP
  165 00000010         SysTick_Handler
                               PROC
  166 00000010                 EXPORT           SysTick_Handler           [WEAK
]
  167 00000010 E7FE            B                .
  168 00000012                 ENDP
  169 00000012         
  170 00000012         Default_Handler
                               PROC
  171 00000012         
  172 00000012                 EXPORT           DMAC_IRQHandler             [WE
AK]
  173 00000012                 EXPORT           P0_IRQHandler               [WE
AK]
  174 00000012                 EXPORT           TIMER1_IRQHandler           [WE
AK]
  175 00000012                 EXPORT           UART1_IRQHandler           [WEA
K]
  176 00000012                 EXPORT           SPI1_IRQHandler             [WE
AK]
  177 00000012                 EXPORT           I2C1_IRQHandler             [WE
AK]



ARM Macro Assembler    Page 5 


  178 00000012                 EXPORT           RAM_IRQHandler              [WE
AK]
  179 00000012                 EXPORT           ADC_IRQHandler              [WE
AK]
  180 00000012                 EXPORT           VC_IRQHandler               [WE
AK]
  181 00000012                 EXPORT           LVD_IRQHandler              [WE
AK]
  182 00000012                 EXPORT           RTC_IRQHandler              [WE
AK]
  183 00000012                 EXPORT           BASETIMER_IRQHandler        [WE
AK]
  184 00000012                 EXPORT           P1P2_IRQHandler             [WE
AK]
  185 00000012                 EXPORT           P3P4_IRQHandler             [WE
AK]
  186 00000012                 EXPORT           P5P6_IRQHandler             [WE
AK]
  187 00000012                 EXPORT           TIMER2_IRQHandler           [WE
AK]
  188 00000012                 EXPORT           TIMER3_IRQHandler           [WE
AK]
  189 00000012                 EXPORT           TIMER4_IRQHandler           [WE
AK]
  190 00000012                 EXPORT           UART2_IRQHandler            [WE
AK]
  191 00000012                 EXPORT           UART3_IRQHandler            [WE
AK]
  192 00000012                 EXPORT           UART4_IRQHandler            [WE
AK]
  193 00000012                 EXPORT           UART5_IRQHandler            [WE
AK]
  194 00000012                 EXPORT           UART6_IRQHandler            [WE
AK]
  195 00000012                 EXPORT           SPI2_IRQHandler             [WE
AK]
  196 00000012                 EXPORT           SPI3_IRQHandler             [WE
AK]
  197 00000012                 EXPORT           SPI4_IRQHandler             [WE
AK]
  198 00000012                 EXPORT           I2C2_IRQHandler             [WE
AK]
  199 00000012                 EXPORT           PCA12_IRQHandler            [WE
AK]
  200 00000012                 EXPORT           PCA34_IRQHandler            [WE
AK]
  201 00000012                 EXPORT           WDT_IRQHandler              [WE
AK]
  202 00000012                 EXPORT           LCD_IRQHandler              [WE
AK]
  203 00000012                 EXPORT           SCI7816_IRQHandler          [WE
AK]
  204 00000012         
  205 00000012         
  206 00000012         
  207 00000012         DMAC_IRQHandler
  208 00000012         P0_IRQHandler
  209 00000012         TIMER1_IRQHandler
  210 00000012         UART1_IRQHandler



ARM Macro Assembler    Page 6 


  211 00000012         SPI1_IRQHandler
  212 00000012         I2C1_IRQHandler
  213 00000012         RAM_IRQHandler
  214 00000012         ADC_IRQHandler
  215 00000012         VC_IRQHandler
  216 00000012         LVD_IRQHandler
  217 00000012         RTC_IRQHandler
  218 00000012         BASETIMER_IRQHandler
  219 00000012         P1P2_IRQHandler
  220 00000012         P3P4_IRQHandler
  221 00000012         P5P6_IRQHandler
  222 00000012         TIMER2_IRQHandler
  223 00000012         TIMER3_IRQHandler
  224 00000012         TIMER4_IRQHandler
  225 00000012         UART2_IRQHandler
  226 00000012         UART3_IRQHandler
  227 00000012         UART4_IRQHandler
  228 00000012         UART5_IRQHandler
  229 00000012         UART6_IRQHandler
  230 00000012         SPI2_IRQHandler
  231 00000012         SPI3_IRQHandler
  232 00000012         SPI4_IRQHandler
  233 00000012         I2C2_IRQHandler
  234 00000012         PCA12_IRQHandler
  235 00000012         PCA34_IRQHandler
  236 00000012         WDT_IRQHandler
  237 00000012         LCD_IRQHandler
  238 00000012         SCI7816_IRQHandler
  239 00000012 E7FE            B                .
  240 00000014         
  241 00000014                 ENDP
  242 00000014         
  243 00000014         
  244 00000014                 ALIGN
  245 00000014         
  246 00000014         
  247 00000014         ; User Initial Stack & Heap
  248 00000014         
  249 00000014                 IF               :DEF:__MICROLIB
  256 00000014         
  257 00000014                 IMPORT           __use_two_region_memory
  258 00000014                 EXPORT           __user_initial_stackheap
  259 00000014         
  260 00000014         __user_initial_stackheap
                               PROC
  261 00000014 4804            LDR              R0, =  Heap_Mem
  262 00000016 4905            LDR              R1, =(Stack_Mem + Stack_Size)
  263 00000018 4A05            LDR              R2, = (Heap_Mem +  Heap_Size)
  264 0000001A 4B06            LDR              R3, = Stack_Mem
  265 0000001C 4770            BX               LR
  266 0000001E                 ENDP
  267 0000001E         
  268 0000001E 00 00           ALIGN
  269 00000020         
  270 00000020                 ENDIF
  271 00000020         
  272 00000020         
  273 00000020                 END
              00000000 



ARM Macro Assembler    Page 7 


              00000000 
              00000000 
              00000800 
              00001800 
              00000000 
Command Line: --debug --xref --cpu=Cortex-M0+ --apcs=interwork --depend=.\start
up_si6600.d -o.\startup_si6600.o -IC:\Users\Canhua.Yang\Desktop\project\release
\SI6600IAP\user_demo\SI6600_Demo_rls\RTE -IC:\Keil_v5\ARM\PACK\ARM\CMSIS\4.3.0 
-IC:\Keil_v5\ARM\PACK\ARM\CMSIS\4.3.0\CMSIS\Include --predefine="_RTE_ SETA 1" 
--predefine="ARMCM0P SETA 1" --list=.\listings\startup_si6600.lst DEVICE\startu
p_SI6600.s



ARM Macro Assembler    Page 1 Alphabetic symbol ordering
Relocatable symbols

STACK 00000000

Symbol: STACK
   Definitions
      At line 48 in file DEVICE\startup_SI6600.s
   Uses
      None
Comment: STACK unused
Stack_Mem 00000000

Symbol: Stack_Mem
   Definitions
      At line 49 in file DEVICE\startup_SI6600.s
   Uses
      At line 262 in file DEVICE\startup_SI6600.s
      At line 264 in file DEVICE\startup_SI6600.s

__initial_sp 00000800

Symbol: __initial_sp
   Definitions
      At line 50 in file DEVICE\startup_SI6600.s
   Uses
      At line 76 in file DEVICE\startup_SI6600.s
Comment: __initial_sp used once
3 symbols



ARM Macro Assembler    Page 1 Alphabetic symbol ordering
Relocatable symbols

HEAP 00000000

Symbol: HEAP
   Definitions
      At line 59 in file DEVICE\startup_SI6600.s
   Uses
      None
Comment: HEAP unused
Heap_Mem 00000000

Symbol: Heap_Mem
   Definitions
      At line 61 in file DEVICE\startup_SI6600.s
   Uses
      At line 261 in file DEVICE\startup_SI6600.s
      At line 263 in file DEVICE\startup_SI6600.s

__heap_base 00000000

Symbol: __heap_base
   Definitions
      At line 60 in file DEVICE\startup_SI6600.s
   Uses
      None
Comment: __heap_base unused
__heap_limit 00001800

Symbol: __heap_limit
   Definitions
      At line 62 in file DEVICE\startup_SI6600.s
   Uses
      None
Comment: __heap_limit unused
4 symbols



ARM Macro Assembler    Page 1 Alphabetic symbol ordering
Relocatable symbols

RESET 00000000

Symbol: RESET
   Definitions
      At line 71 in file DEVICE\startup_SI6600.s
   Uses
      None
Comment: RESET unused
__Vectors 00000000

Symbol: __Vectors
   Definitions
      At line 76 in file DEVICE\startup_SI6600.s
   Uses
      At line 72 in file DEVICE\startup_SI6600.s
      At line 128 in file DEVICE\startup_SI6600.s

__Vectors_End 000000C0

Symbol: __Vectors_End
   Definitions
      At line 126 in file DEVICE\startup_SI6600.s
   Uses
      At line 73 in file DEVICE\startup_SI6600.s
      At line 128 in file DEVICE\startup_SI6600.s

3 symbols



ARM Macro Assembler    Page 1 Alphabetic symbol ordering
Relocatable symbols

.text 00000000

Symbol: .text
   Definitions
      At line 130 in file DEVICE\startup_SI6600.s
   Uses
      None
Comment: .text unused
ADC_IRQHandler 00000012

Symbol: ADC_IRQHandler
   Definitions
      At line 214 in file DEVICE\startup_SI6600.s
   Uses
      At line 101 in file DEVICE\startup_SI6600.s
      At line 179 in file DEVICE\startup_SI6600.s

BASETIMER_IRQHandler 00000012

Symbol: BASETIMER_IRQHandler
   Definitions
      At line 218 in file DEVICE\startup_SI6600.s
   Uses
      At line 105 in file DEVICE\startup_SI6600.s
      At line 183 in file DEVICE\startup_SI6600.s

DMAC_IRQHandler 00000012

Symbol: DMAC_IRQHandler
   Definitions
      At line 207 in file DEVICE\startup_SI6600.s
   Uses
      At line 94 in file DEVICE\startup_SI6600.s
      At line 172 in file DEVICE\startup_SI6600.s

Default_Handler 00000012

Symbol: Default_Handler
   Definitions
      At line 170 in file DEVICE\startup_SI6600.s
   Uses
      None
Comment: Default_Handler unused
HardFault_Handler 0000000A

Symbol: HardFault_Handler
   Definitions
      At line 153 in file DEVICE\startup_SI6600.s
   Uses
      At line 79 in file DEVICE\startup_SI6600.s
      At line 154 in file DEVICE\startup_SI6600.s

I2C1_IRQHandler 00000012

Symbol: I2C1_IRQHandler
   Definitions
      At line 212 in file DEVICE\startup_SI6600.s
   Uses
      At line 99 in file DEVICE\startup_SI6600.s



ARM Macro Assembler    Page 2 Alphabetic symbol ordering
Relocatable symbols

      At line 177 in file DEVICE\startup_SI6600.s

I2C2_IRQHandler 00000012

Symbol: I2C2_IRQHandler
   Definitions
      At line 233 in file DEVICE\startup_SI6600.s
   Uses
      At line 120 in file DEVICE\startup_SI6600.s
      At line 198 in file DEVICE\startup_SI6600.s

LCD_IRQHandler 00000012

Symbol: LCD_IRQHandler
   Definitions
      At line 237 in file DEVICE\startup_SI6600.s
   Uses
      At line 124 in file DEVICE\startup_SI6600.s
      At line 202 in file DEVICE\startup_SI6600.s

LVD_IRQHandler 00000012

Symbol: LVD_IRQHandler
   Definitions
      At line 216 in file DEVICE\startup_SI6600.s
   Uses
      At line 103 in file DEVICE\startup_SI6600.s
      At line 181 in file DEVICE\startup_SI6600.s

NMI_Handler 00000008

Symbol: NMI_Handler
   Definitions
      At line 148 in file DEVICE\startup_SI6600.s
   Uses
      At line 78 in file DEVICE\startup_SI6600.s
      At line 149 in file DEVICE\startup_SI6600.s

P0_IRQHandler 00000012

Symbol: P0_IRQHandler
   Definitions
      At line 208 in file DEVICE\startup_SI6600.s
   Uses
      At line 95 in file DEVICE\startup_SI6600.s
      At line 173 in file DEVICE\startup_SI6600.s

P1P2_IRQHandler 00000012

Symbol: P1P2_IRQHandler
   Definitions
      At line 219 in file DEVICE\startup_SI6600.s
   Uses
      At line 106 in file DEVICE\startup_SI6600.s
      At line 184 in file DEVICE\startup_SI6600.s

P3P4_IRQHandler 00000012

Symbol: P3P4_IRQHandler



ARM Macro Assembler    Page 3 Alphabetic symbol ordering
Relocatable symbols

   Definitions
      At line 220 in file DEVICE\startup_SI6600.s
   Uses
      At line 107 in file DEVICE\startup_SI6600.s
      At line 185 in file DEVICE\startup_SI6600.s

P5P6_IRQHandler 00000012

Symbol: P5P6_IRQHandler
   Definitions
      At line 221 in file DEVICE\startup_SI6600.s
   Uses
      At line 108 in file DEVICE\startup_SI6600.s
      At line 186 in file DEVICE\startup_SI6600.s

PCA12_IRQHandler 00000012

Symbol: PCA12_IRQHandler
   Definitions
      At line 234 in file DEVICE\startup_SI6600.s
   Uses
      At line 121 in file DEVICE\startup_SI6600.s
      At line 199 in file DEVICE\startup_SI6600.s

PCA34_IRQHandler 00000012

Symbol: PCA34_IRQHandler
   Definitions
      At line 235 in file DEVICE\startup_SI6600.s
   Uses
      At line 122 in file DEVICE\startup_SI6600.s
      At line 200 in file DEVICE\startup_SI6600.s

PendSV_Handler 0000000E

Symbol: PendSV_Handler
   Definitions
      At line 161 in file DEVICE\startup_SI6600.s
   Uses
      At line 90 in file DEVICE\startup_SI6600.s
      At line 162 in file DEVICE\startup_SI6600.s

RAM_IRQHandler 00000012

Symbol: RAM_IRQHandler
   Definitions
      At line 213 in file DEVICE\startup_SI6600.s
   Uses
      At line 100 in file DEVICE\startup_SI6600.s
      At line 178 in file DEVICE\startup_SI6600.s

RTC_IRQHandler 00000012

Symbol: RTC_IRQHandler
   Definitions
      At line 217 in file DEVICE\startup_SI6600.s
   Uses
      At line 104 in file DEVICE\startup_SI6600.s
      At line 182 in file DEVICE\startup_SI6600.s



ARM Macro Assembler    Page 4 Alphabetic symbol ordering
Relocatable symbols


Reset_Handler 00000000

Symbol: Reset_Handler
   Definitions
      At line 135 in file DEVICE\startup_SI6600.s
   Uses
      At line 77 in file DEVICE\startup_SI6600.s
      At line 136 in file DEVICE\startup_SI6600.s

SCI7816_IRQHandler 00000012

Symbol: SCI7816_IRQHandler
   Definitions
      At line 238 in file DEVICE\startup_SI6600.s
   Uses
      At line 125 in file DEVICE\startup_SI6600.s
      At line 203 in file DEVICE\startup_SI6600.s

SPI1_IRQHandler 00000012

Symbol: SPI1_IRQHandler
   Definitions
      At line 211 in file DEVICE\startup_SI6600.s
   Uses
      At line 98 in file DEVICE\startup_SI6600.s
      At line 176 in file DEVICE\startup_SI6600.s

SPI2_IRQHandler 00000012

Symbol: SPI2_IRQHandler
   Definitions
      At line 230 in file DEVICE\startup_SI6600.s
   Uses
      At line 117 in file DEVICE\startup_SI6600.s
      At line 195 in file DEVICE\startup_SI6600.s

SPI3_IRQHandler 00000012

Symbol: SPI3_IRQHandler
   Definitions
      At line 231 in file DEVICE\startup_SI6600.s
   Uses
      At line 118 in file DEVICE\startup_SI6600.s
      At line 196 in file DEVICE\startup_SI6600.s

SPI4_IRQHandler 00000012

Symbol: SPI4_IRQHandler
   Definitions
      At line 232 in file DEVICE\startup_SI6600.s
   Uses
      At line 119 in file DEVICE\startup_SI6600.s
      At line 197 in file DEVICE\startup_SI6600.s

SVC_Handler 0000000C

Symbol: SVC_Handler
   Definitions



ARM Macro Assembler    Page 5 Alphabetic symbol ordering
Relocatable symbols

      At line 157 in file DEVICE\startup_SI6600.s
   Uses
      At line 87 in file DEVICE\startup_SI6600.s
      At line 158 in file DEVICE\startup_SI6600.s

SysTick_Handler 00000010

Symbol: SysTick_Handler
   Definitions
      At line 165 in file DEVICE\startup_SI6600.s
   Uses
      At line 91 in file DEVICE\startup_SI6600.s
      At line 166 in file DEVICE\startup_SI6600.s

TIMER1_IRQHandler 00000012

Symbol: TIMER1_IRQHandler
   Definitions
      At line 209 in file DEVICE\startup_SI6600.s
   Uses
      At line 96 in file DEVICE\startup_SI6600.s
      At line 174 in file DEVICE\startup_SI6600.s

TIMER2_IRQHandler 00000012

Symbol: TIMER2_IRQHandler
   Definitions
      At line 222 in file DEVICE\startup_SI6600.s
   Uses
      At line 109 in file DEVICE\startup_SI6600.s
      At line 187 in file DEVICE\startup_SI6600.s

TIMER3_IRQHandler 00000012

Symbol: TIMER3_IRQHandler
   Definitions
      At line 223 in file DEVICE\startup_SI6600.s
   Uses
      At line 110 in file DEVICE\startup_SI6600.s
      At line 188 in file DEVICE\startup_SI6600.s

TIMER4_IRQHandler 00000012

Symbol: TIMER4_IRQHandler
   Definitions
      At line 224 in file DEVICE\startup_SI6600.s
   Uses
      At line 111 in file DEVICE\startup_SI6600.s
      At line 189 in file DEVICE\startup_SI6600.s

UART1_IRQHandler 00000012

Symbol: UART1_IRQHandler
   Definitions
      At line 210 in file DEVICE\startup_SI6600.s
   Uses
      At line 97 in file DEVICE\startup_SI6600.s
      At line 175 in file DEVICE\startup_SI6600.s




ARM Macro Assembler    Page 6 Alphabetic symbol ordering
Relocatable symbols

UART2_IRQHandler 00000012

Symbol: UART2_IRQHandler
   Definitions
      At line 225 in file DEVICE\startup_SI6600.s
   Uses
      At line 112 in file DEVICE\startup_SI6600.s
      At line 190 in file DEVICE\startup_SI6600.s

UART3_IRQHandler 00000012

Symbol: UART3_IRQHandler
   Definitions
      At line 226 in file DEVICE\startup_SI6600.s
   Uses
      At line 113 in file DEVICE\startup_SI6600.s
      At line 191 in file DEVICE\startup_SI6600.s

UART4_IRQHandler 00000012

Symbol: UART4_IRQHandler
   Definitions
      At line 227 in file DEVICE\startup_SI6600.s
   Uses
      At line 114 in file DEVICE\startup_SI6600.s
      At line 192 in file DEVICE\startup_SI6600.s

UART5_IRQHandler 00000012

Symbol: UART5_IRQHandler
   Definitions
      At line 228 in file DEVICE\startup_SI6600.s
   Uses
      At line 115 in file DEVICE\startup_SI6600.s
      At line 193 in file DEVICE\startup_SI6600.s

UART6_IRQHandler 00000012

Symbol: UART6_IRQHandler
   Definitions
      At line 229 in file DEVICE\startup_SI6600.s
   Uses
      At line 116 in file DEVICE\startup_SI6600.s
      At line 194 in file DEVICE\startup_SI6600.s

VC_IRQHandler 00000012

Symbol: VC_IRQHandler
   Definitions
      At line 215 in file DEVICE\startup_SI6600.s
   Uses
      At line 102 in file DEVICE\startup_SI6600.s
      At line 180 in file DEVICE\startup_SI6600.s

WDT_IRQHandler 00000012

Symbol: WDT_IRQHandler
   Definitions
      At line 236 in file DEVICE\startup_SI6600.s



ARM Macro Assembler    Page 7 Alphabetic symbol ordering
Relocatable symbols

   Uses
      At line 123 in file DEVICE\startup_SI6600.s
      At line 201 in file DEVICE\startup_SI6600.s

__user_initial_stackheap 00000014

Symbol: __user_initial_stackheap
   Definitions
      At line 260 in file DEVICE\startup_SI6600.s
   Uses
      At line 258 in file DEVICE\startup_SI6600.s
Comment: __user_initial_stackheap used once
41 symbols



ARM Macro Assembler    Page 1 Alphabetic symbol ordering
Absolute symbols

Heap_Size 00001800

Symbol: Heap_Size
   Definitions
      At line 57 in file DEVICE\startup_SI6600.s
   Uses
      At line 61 in file DEVICE\startup_SI6600.s
      At line 263 in file DEVICE\startup_SI6600.s

Stack_Size 00000800

Symbol: Stack_Size
   Definitions
      At line 46 in file DEVICE\startup_SI6600.s
   Uses
      At line 49 in file DEVICE\startup_SI6600.s
      At line 262 in file DEVICE\startup_SI6600.s

__Vectors_Size 000000C0

Symbol: __Vectors_Size
   Definitions
      At line 128 in file DEVICE\startup_SI6600.s
   Uses
      At line 74 in file DEVICE\startup_SI6600.s
Comment: __Vectors_Size used once
3 symbols



ARM Macro Assembler    Page 1 Alphabetic symbol ordering
External symbols

SystemInit 00000000

Symbol: SystemInit
   Definitions
      At line 137 in file DEVICE\startup_SI6600.s
   Uses
      At line 139 in file DEVICE\startup_SI6600.s
Comment: SystemInit used once
__main 00000000

Symbol: __main
   Definitions
      At line 138 in file DEVICE\startup_SI6600.s
   Uses
      At line 141 in file DEVICE\startup_SI6600.s
Comment: __main used once
__use_two_region_memory 00000000

Symbol: __use_two_region_memory
   Definitions
      At line 257 in file DEVICE\startup_SI6600.s
   Uses
      None
Comment: __use_two_region_memory unused
3 symbols
393 symbols in table
